<?xml version="1.0" encoding="UTF-8"?>
<!-- Generated by org.testng.reporters.JUnitXMLReporter -->
<testsuite hostname="MESSI" ignored="4" name="Default test" tests="1" failures="0" timestamp="2021-07-27T10:57:04 IST" time="12.936" errors="0">
  <testcase name="FooterInsta" time="2.657" classname="letCodeHomePage.T002"/>
  <testcase name="FooterFacebook" time="0.0" classname="letCodeHomePage.T002">
    <ignored/>
  </testcase> <!-- FooterFacebook -->
  <testcase name="totalLinks" time="0.0" classname="letCodeHomePage.T002">
    <ignored/>
  </testcase> <!-- totalLinks -->
  <testcase name="FooterLinkedIn" time="0.0" classname="letCodeHomePage.T002">
    <ignored/>
  </testcase> <!-- FooterLinkedIn -->
  <testcase name="FooterYouTube" time="0.0" classname="letCodeHomePage.T002">
    <ignored/>
  </testcase> <!-- FooterYouTube -->
</testsuite> <!-- Default test -->
